This file contains any messages produced by compilers while
running configure, to aid debugging if configure makes a mistake.

It was created by FULL-PACKAGE-NAME configure VERSION, which was
generated by GNU Autoconf 2.63.  Invocation command line was

  $ ./configure 

## --------- ##
## Platform. ##
## --------- ##

hostname = Renyan
uname -m = x86_64
uname -r = 2.6.28-ARCH
uname -s = Linux
uname -v = #1 SMP PREEMPT Sun Jan 25 09:43:53 UTC 2009

/usr/bin/uname -p = unknown
/bin/uname -X     = unknown

/bin/arch              = x86_64
/usr/bin/arch -k       = unknown
/usr/convex/getsysinfo = unknown
/usr/bin/hostinfo      = unknown
/bin/machine           = unknown
/usr/bin/oslevel       = unknown
/bin/universe          = unknown

PATH: /home/pem/XCrySDen/XCrySDen-1.5.17-bin-shared
PATH: /home/pem/XCrySDen/XCrySDen-1.5.17-bin-shared
PATH: /home/pem/GNUstep/Tools
PATH: /opt/GNUstep/Local/Tools
PATH: /opt/GNUstep/System/Tools
PATH: /bin
PATH: /usr/bin
PATH: /sbin
PATH: /usr/sbin
PATH: /usr/share/eclipse
PATH: /opt/java/bin
PATH: /opt/java/jre/bin
PATH: /opt/kde/bin
PATH: /opt/panda3d/bin
PATH: /usr/bin/perlbin/site
PATH: /usr/bin/perlbin/vendor
PATH: /usr/bin/perlbin/core
PATH: /opt/qt/bin
PATH: /opt/kde/bin/
PATH: /opt/java/bin
PATH: /opt/qt/bin/
PATH: /opt/qtcreator-0.9/bin
PATH: /home/pem/bin
PATH: /usr/local/bin
PATH: /usr/local/math/bin/
PATH: /sbin/
PATH: /usr/sbin
PATH: /usr/local/amdbrook/sdk/bin
PATH: .
PATH: /home/pem/XCrySDen/XCrySDen-1.5.17-bin-shared/scripts
PATH: /home/pem/XCrySDen/XCrySDen-1.5.17-bin-shared/util
PATH: /opt/kde/bin/
PATH: /opt/java/bin
PATH: /opt/qt/bin/
PATH: /opt/qtcreator-0.9/bin
PATH: /home/pem/bin
PATH: /usr/local/bin
PATH: /usr/local/math/bin/
PATH: /sbin/
PATH: /usr/sbin
PATH: /usr/local/amdbrook/sdk/bin
PATH: .
PATH: /home/pem/XCrySDen/XCrySDen-1.5.17-bin-shared/scripts
PATH: /home/pem/XCrySDen/XCrySDen-1.5.17-bin-shared/util


## ----------- ##
## Core tests. ##
## ----------- ##

configure:1812: checking for g++
configure:1828: found /usr/bin/g++
configure:1839: result: g++
configure:1866: checking for C++ compiler version
configure:1874: g++ --version >&5
g++ (GCC) 4.3.3
Copyright (C) 2008 Free Software Foundation, Inc.
This is free software; see the source for copying conditions.  There is NO
warranty; not even for MERCHANTABILITY or FITNESS FOR A PARTICULAR PURPOSE.

configure:1878: $? = 0
configure:1885: g++ -v >&5
Using built-in specs.
Target: x86_64-unknown-linux-gnu
Configured with: ../configure --prefix=/usr --enable-shared --enable-languages=c,c++,fortran,objc,obj-c++,treelang --enable-threads=posix --mandir=/usr/share/man --infodir=/usr/share/info --enable-__cxa_atexit --disable-multilib --libdir=/usr/lib --libexecdir=/usr/lib --enable-clocale=gnu --disable-libstdcxx-pch --with-tune=generic
Thread model: posix
gcc version 4.3.3 (GCC) 
configure:1889: $? = 0
configure:1896: g++ -V >&5
g++: '-V' option must have argument
configure:1900: $? = 1
configure:1923: checking for C++ compiler default output file name
configure:1945: g++    conftest.cpp  >&5
configure:1949: $? = 0
configure:1987: result: a.out
configure:2006: checking whether the C++ compiler works
configure:2016: ./a.out
configure:2020: $? = 0
configure:2039: result: yes
configure:2046: checking whether we are cross compiling
configure:2048: result: no
configure:2051: checking for suffix of executables
configure:2058: g++ -o conftest    conftest.cpp  >&5
configure:2062: $? = 0
configure:2088: result: 
configure:2094: checking for suffix of object files
configure:2120: g++ -c   conftest.cpp >&5
configure:2124: $? = 0
configure:2149: result: o
configure:2153: checking whether we are using the GNU C++ compiler
configure:2182: g++ -c   conftest.cpp >&5
configure:2189: $? = 0
configure:2206: result: yes
configure:2215: checking whether g++ accepts -g
configure:2245: g++ -c -g  conftest.cpp >&5
configure:2252: $? = 0
configure:2353: result: yes
configure:2424: checking for gcc
configure:2440: found /usr/bin/gcc
configure:2451: result: gcc
configure:2683: checking for C compiler version
configure:2691: gcc --version >&5
gcc (GCC) 4.3.3
Copyright (C) 2008 Free Software Foundation, Inc.
This is free software; see the source for copying conditions.  There is NO
warranty; not even for MERCHANTABILITY or FITNESS FOR A PARTICULAR PURPOSE.

configure:2695: $? = 0
configure:2702: gcc -v >&5
Using built-in specs.
Target: x86_64-unknown-linux-gnu
Configured with: ../configure --prefix=/usr --enable-shared --enable-languages=c,c++,fortran,objc,obj-c++,treelang --enable-threads=posix --mandir=/usr/share/man --infodir=/usr/share/info --enable-__cxa_atexit --disable-multilib --libdir=/usr/lib --libexecdir=/usr/lib --enable-clocale=gnu --disable-libstdcxx-pch --with-tune=generic
Thread model: posix
gcc version 4.3.3 (GCC) 
configure:2706: $? = 0
configure:2713: gcc -V >&5
gcc: '-V' option must have argument
configure:2717: $? = 1
configure:2720: checking whether we are using the GNU C compiler
configure:2749: gcc -c   conftest.c >&5
configure:2756: $? = 0
configure:2773: result: yes
configure:2782: checking whether gcc accepts -g
configure:2812: gcc -c -g  conftest.c >&5
configure:2819: $? = 0
configure:2920: result: yes
configure:2937: checking for gcc option to accept ISO C89
configure:3011: gcc  -c -g -O2  conftest.c >&5
configure:3018: $? = 0
configure:3041: result: none needed
configure:3104: checking for a BSD-compatible install
configure:3172: result: /bin/install -c
configure:3183: checking whether ln -s works
configure:3187: result: yes
configure:3307: creating ./config.status

## ---------------------- ##
## Running config.status. ##
## ---------------------- ##

This file was extended by FULL-PACKAGE-NAME config.status VERSION, which was
generated by GNU Autoconf 2.63.  Invocation command line was

  CONFIG_FILES    = 
  CONFIG_HEADERS  = 
  CONFIG_LINKS    = 
  CONFIG_COMMANDS = 
  $ ./config.status 

on Renyan

config.status:702: error: cannot find input file: Makefile.in

## ---------------- ##
## Cache variables. ##
## ---------------- ##

ac_cv_c_compiler_gnu=yes
ac_cv_cxx_compiler_gnu=yes
ac_cv_env_CCC_set=
ac_cv_env_CCC_value=
ac_cv_env_CC_set=
ac_cv_env_CC_value=
ac_cv_env_CFLAGS_set=
ac_cv_env_CFLAGS_value=
ac_cv_env_CPPFLAGS_set=
ac_cv_env_CPPFLAGS_value=
ac_cv_env_CXXFLAGS_set=
ac_cv_env_CXXFLAGS_value=
ac_cv_env_CXX_set=
ac_cv_env_CXX_value=
ac_cv_env_LDFLAGS_set=
ac_cv_env_LDFLAGS_value=
ac_cv_env_LIBS_set=
ac_cv_env_LIBS_value=
ac_cv_env_build_alias_set=
ac_cv_env_build_alias_value=
ac_cv_env_host_alias_set=
ac_cv_env_host_alias_value=
ac_cv_env_target_alias_set=
ac_cv_env_target_alias_value=
ac_cv_objext=o
ac_cv_path_install='/bin/install -c'
ac_cv_prog_ac_ct_CC=gcc
ac_cv_prog_ac_ct_CXX=g++
ac_cv_prog_cc_c89=
ac_cv_prog_cc_g=yes
ac_cv_prog_cxx_g=yes

## ----------------- ##
## Output variables. ##
## ----------------- ##

CC='gcc'
CFLAGS='-g -O2'
CPPFLAGS=''
CXX='g++'
CXXFLAGS='-g -O2'
DEFS='-DHAVE_CONFIG_H'
ECHO_C=''
ECHO_N='-n'
ECHO_T=''
EXEEXT=''
INSTALL_DATA='${INSTALL} -m 644'
INSTALL_PROGRAM='${INSTALL}'
INSTALL_SCRIPT='${INSTALL}'
LDFLAGS=''
LIBOBJS=''
LIBS=''
LN_S='ln -s'
LTLIBOBJS=''
OBJEXT='o'
PACKAGE_BUGREPORT='BUG-REPORT-ADDRESS'
PACKAGE_NAME='FULL-PACKAGE-NAME'
PACKAGE_STRING='FULL-PACKAGE-NAME VERSION'
PACKAGE_TARNAME='full-package-name'
PACKAGE_VERSION='VERSION'
PATH_SEPARATOR=':'
SHELL='/bin/sh'
ac_ct_CC='gcc'
ac_ct_CXX='g++'
bindir='${exec_prefix}/bin'
build_alias=''
datadir='${datarootdir}'
datarootdir='${prefix}/share'
docdir='${datarootdir}/doc/${PACKAGE_TARNAME}'
dvidir='${docdir}'
exec_prefix='${prefix}'
host_alias=''
htmldir='${docdir}'
includedir='${prefix}/include'
infodir='${datarootdir}/info'
libdir='${exec_prefix}/lib'
libexecdir='${exec_prefix}/libexec'
localedir='${datarootdir}/locale'
localstatedir='${prefix}/var'
mandir='${datarootdir}/man'
oldincludedir='/usr/include'
pdfdir='${docdir}'
prefix='/usr/local'
program_transform_name='s,x,x,'
psdir='${docdir}'
sbindir='${exec_prefix}/sbin'
sharedstatedir='${prefix}/com'
sysconfdir='${prefix}/etc'
target_alias=''

## ----------- ##
## confdefs.h. ##
## ----------- ##

#define PACKAGE_NAME "FULL-PACKAGE-NAME"
#define PACKAGE_TARNAME "full-package-name"
#define PACKAGE_VERSION "VERSION"
#define PACKAGE_STRING "FULL-PACKAGE-NAME VERSION"
#define PACKAGE_BUGREPORT "BUG-REPORT-ADDRESS"

configure: exit 1
